[robosuite WARNING] No private macro file found! (macros.py:53)
[robosuite WARNING] It is recommended to use a private macro file (macros.py:54)
[robosuite WARNING] To setup, run: python /home/yam/wrl/.venv/lib/python3.11/site-packages/robosuite/scripts/setup_macros.py (macros.py:55)
2026-06-13 21:24:03.849571: W external/xla/xla/service/gpu/autotuning/dot_search_space.cc:200] All configs were filtered out because none of them sufficiently match the hints. Maybe the hints set does not contain a good representative set of valid configs?Working around this by using the full hints set instead.
2026-06-13 21:24:05.344425: W external/xla/xla/service/gpu/autotuning/dot_search_space.cc:200] All configs were filtered out because none of them sufficiently match the hints. Maybe the hints set does not contain a good representative set of valid configs?Working around this by using the full hints set instead.
2026-06-13 21:24:05.921806: W external/xla/xla/service/gpu/autotuning/dot_search_space.cc:200] All configs were filtered out because none of them sufficiently match the hints. Maybe the hints set does not contain a good representative set of valid configs?Working around this by using the full hints set instead.
2026-06-13 21:24:06.618186: W external/xla/xla/service/gpu/autotuning/dot_search_space.cc:200] All configs were filtered out because none of them sufficiently match the hints. Maybe the hints set does not contain a good representative set of valid configs?Working around this by using the full hints set instead.
2026-06-13 21:24:07.131272: W external/xla/xla/service/gpu/autotuning/dot_search_space.cc:200] All configs were filtered out because none of them sufficiently match the hints. Maybe the hints set does not contain a good representative set of valid configs?Working around this by using the full hints set instead.
2026-06-13 21:24:07.623657: W external/xla/xla/service/gpu/autotuning/dot_search_space.cc:200] All configs were filtered out because none of them sufficiently match the hints. Maybe the hints set does not contain a good representative set of valid configs?Working around this by using the full hints set instead.
2026-06-13 21:24:08.031375: W external/xla/xla/service/gpu/autotuning/dot_search_space.cc:200] All configs were filtered out because none of them sufficiently match the hints. Maybe the hints set does not contain a good representative set of valid configs?Working around this by using the full hints set instead.
2026-06-13 21:24:09.273350: W external/xla/xla/service/gpu/autotuning/dot_search_space.cc:200] All configs were filtered out because none of them sufficiently match the hints. Maybe the hints set does not contain a good representative set of valid configs?Working around this by using the full hints set instead.
[dsrl] Tp=16 Ta=8 d_a=7 latent_dim=112 obs_hist=2 scale=1.0
[server] listening on http://0.0.0.0:5599
wandb: [wandb.login()] Loaded credentials for https://api.wandb.ai from /home/yam/.netrc.
wandb: Currently logged in as: pranavnt to https://api.wandb.ai. Use `wandb login --relogin` to force relogin
wandb: Tracking run with wandb version 0.27.2
wandb: Run data is saved locally in /home/yam/wrl/wandb/run-20260613_212416-yjnocsow
wandb: Run `wandb offline` to turn off syncing.
wandb: Syncing run dainty-blaze-7
wandb: ⭐️ View project at https://wandb.ai/pranavnt/wrl-dsrl
wandb: 🚀 View run at https://wandb.ai/pranavnt/wrl-dsrl/runs/yjnocsow
2026-06-13 21:24:30.320322: W external/xla/xla/service/gpu/autotuning/dot_search_space.cc:200] All configs were filtered out because none of them sufficiently match the hints. Maybe the hints set does not contain a good representative set of valid configs?Working around this by using the full hints set instead.
2026-06-13 21:24:30.320354: W external/xla/xla/service/gpu/autotuning/dot_search_space.cc:200] All configs were filtered out because none of them sufficiently match the hints. Maybe the hints set does not contain a good representative set of valid configs?Working around this by using the full hints set instead.
2026-06-13 21:24:30.320386: W external/xla/xla/service/gpu/autotuning/dot_search_space.cc:200] All configs were filtered out because none of them sufficiently match the hints. Maybe the hints set does not contain a good representative set of valid configs?Working around this by using the full hints set instead.
2026-06-13 21:24:30.320403: W external/xla/xla/service/gpu/autotuning/dot_search_space.cc:200] All configs were filtered out because none of them sufficiently match the hints. Maybe the hints set does not contain a good representative set of valid configs?Working around this by using the full hints set instead.
2026-06-13 21:24:30.320408: W external/xla/xla/service/gpu/autotuning/dot_search_space.cc:200] All configs were filtered out because none of them sufficiently match the hints. Maybe the hints set does not contain a good representative set of valid configs?Working around this by using the full hints set instead.
2026-06-13 21:24:30.320422: W external/xla/xla/service/gpu/autotuning/dot_search_space.cc:200] All configs were filtered out because none of them sufficiently match the hints. Maybe the hints set does not contain a good representative set of valid configs?Working around this by using the full hints set instead.
2026-06-13 21:24:30.320426: W external/xla/xla/service/gpu/autotuning/dot_search_space.cc:200] All configs were filtered out because none of them sufficiently match the hints. Maybe the hints set does not contain a good representative set of valid configs?Working around this by using the full hints set instead.
2026-06-13 21:24:30.320430: W external/xla/xla/service/gpu/autotuning/dot_search_space.cc:200] All configs were filtered out because none of them sufficiently match the hints. Maybe the hints set does not contain a good representative set of valid configs?Working around this by using the full hints set instead.
2026-06-13 21:24:30.320433: W external/xla/xla/service/gpu/autotuning/dot_search_space.cc:200] All configs were filtered out because none of them sufficiently match the hints. Maybe the hints set does not contain a good representative set of valid configs?Working around this by using the full hints set instead.
[dsrl] ep_ret=0.95 success=1 chunks=55 learner_step=0 utd=0.00 online=56
[dsrl] ep_ret=0.95 success=1 chunks=125 learner_step=0 utd=0.00 online=127
[dsrl] ep_ret=0.93 success=1 chunks=177 learner_step=0 utd=0.00 online=180
2026-06-13 21:24:54.029909: W external/xla/xla/service/gpu/autotuning/dot_search_space.cc:200] All configs were filtered out because none of them sufficiently match the hints. Maybe the hints set does not contain a good representative set of valid configs?Working around this by using the full hints set instead.
2026-06-13 21:24:54.029936: W external/xla/xla/service/gpu/autotuning/dot_search_space.cc:200] All configs were filtered out because none of them sufficiently match the hints. Maybe the hints set does not contain a good representative set of valid configs?Working around this by using the full hints set instead.
2026-06-13 21:24:54.029941: W external/xla/xla/service/gpu/autotuning/dot_search_space.cc:200] All configs were filtered out because none of them sufficiently match the hints. Maybe the hints set does not contain a good representative set of valid configs?Working around this by using the full hints set instead.
2026-06-13 21:24:54.029945: W external/xla/xla/service/gpu/autotuning/dot_search_space.cc:200] All configs were filtered out because none of them sufficiently match the hints. Maybe the hints set does not contain a good representative set of valid configs?Working around this by using the full hints set instead.
[dsrl] ep_ret=0.99 success=1 chunks=228 learner_step=0 utd=0.00 online=232
[dsrl] ep_ret=0.00 success=0 chunks=316 learner_step=0 utd=0.00 online=321
[dsrl] ep_ret=0.00 success=0 chunks=404 learner_step=0 utd=0.00 online=409
[dsrl] ep_ret=0.00 success=0 chunks=492 learner_step=0 utd=0.00 online=497
[dsrl] ep_ret=0.93 success=1 chunks=548 learner_step=0 utd=0.00 online=553
[dsrl] ep_ret=0.00 success=0 chunks=636 learner_step=0 utd=0.00 online=642
[dsrl] ep_ret=0.00 success=0 chunks=724 learner_step=0 utd=0.00 online=730
[dsrl] ep_ret=0.94 success=1 chunks=805 learner_step=0 utd=0.00 online=811
