ROBOMIMIC WARNING(
    No private macro file found!
    It is recommended to use a private macro file
    To setup, run: python /home/yam/wrl/.venv/lib/python3.11/site-packages/robomimic/scripts/setup_macros.py
)
[robosuite WARNING] No private macro file found! (macros.py:53)
[robosuite WARNING] It is recommended to use a private macro file (macros.py:54)
[robosuite WARNING] To setup, run: python /home/yam/wrl/.venv/lib/python3.11/site-packages/robosuite/scripts/setup_macros.py (macros.py:55)
Created environment with name ToolHang
Action size is 7
[flow-s] state_dim=89 d_a=7 Tp=16 Ta=8 obs_hist=2 N=95962 demos_state_keys=['robot0_eef_pos', 'robot0_eef_quat', 'robot0_eef_vel_ang', 'robot0_eef_vel_lin', 'robot0_gripper_qpos', 'robot0_gripper_qvel', 'robot0_joint_pos', 'robot0_joint_pos_cos', 'robot0_joint_pos_sin', 'robot0_joint_vel', 'object']
2026-06-14 08:44:04.431222: W external/xla/xla/service/gpu/autotuning/dot_search_space.cc:200] All configs were filtered out because none of them sufficiently match the hints. Maybe the hints set does not contain a good representative set of valid configs?Working around this by using the full hints set instead.
2026-06-14 08:44:05.085124: W external/xla/xla/service/gpu/autotuning/dot_search_space.cc:200] All configs were filtered out because none of them sufficiently match the hints. Maybe the hints set does not contain a good representative set of valid configs?Working around this by using the full hints set instead.
2026-06-14 08:44:05.775300: W external/xla/xla/service/gpu/autotuning/dot_search_space.cc:200] All configs were filtered out because none of them sufficiently match the hints. Maybe the hints set does not contain a good representative set of valid configs?Working around this by using the full hints set instead.
2026-06-14 08:44:06.268514: W external/xla/xla/service/gpu/autotuning/dot_search_space.cc:200] All configs were filtered out because none of them sufficiently match the hints. Maybe the hints set does not contain a good representative set of valid configs?Working around this by using the full hints set instead.
2026-06-14 08:44:06.715411: W external/xla/xla/service/gpu/autotuning/dot_search_space.cc:200] All configs were filtered out because none of them sufficiently match the hints. Maybe the hints set does not contain a good representative set of valid configs?Working around this by using the full hints set instead.
2026-06-14 08:44:07.131203: W external/xla/xla/service/gpu/autotuning/dot_search_space.cc:200] All configs were filtered out because none of them sufficiently match the hints. Maybe the hints set does not contain a good representative set of valid configs?Working around this by using the full hints set instead.
2026-06-14 08:44:08.387082: W external/xla/xla/service/gpu/autotuning/dot_search_space.cc:200] All configs were filtered out because none of them sufficiently match the hints. Maybe the hints set does not contain a good representative set of valid configs?Working around this by using the full hints set instead.
wandb: [wandb.login()] Loaded credentials for https://api.wandb.ai from /home/yam/.netrc.
wandb: Currently logged in as: pranavnt to https://api.wandb.ai. Use `wandb login --relogin` to force relogin
wandb: setting up run 9br8q4z3
wandb: Tracking run with wandb version 0.27.2
wandb: Run data is saved locally in /home/yam/wrl/wandb/run-20260614_084409-9br8q4z3
wandb: Run `wandb offline` to turn off syncing.
wandb: Syncing run hearty-butterfly-2
wandb: ⭐️ View project at https://wandb.ai/pranavnt/wrl-dp-expert
wandb: 🚀 View run at https://wandb.ai/pranavnt/wrl-dp-expert/runs/9br8q4z3
2026-06-14 08:44:10.757020: W external/xla/xla/service/gpu/autotuning/dot_search_space.cc:200] All configs were filtered out because none of them sufficiently match the hints. Maybe the hints set does not contain a good representative set of valid configs?Working around this by using the full hints set instead.
2026-06-14 08:44:10.757053: W external/xla/xla/service/gpu/autotuning/dot_search_space.cc:200] All configs were filtered out because none of them sufficiently match the hints. Maybe the hints set does not contain a good representative set of valid configs?Working around this by using the full hints set instead.
2026-06-14 08:44:10.757351: W external/xla/xla/service/gpu/autotuning/dot_search_space.cc:200] All configs were filtered out because none of them sufficiently match the hints. Maybe the hints set does not contain a good representative set of valid configs?Working around this by using the full hints set instead.
2026-06-14 08:44:10.757360: W external/xla/xla/service/gpu/autotuning/dot_search_space.cc:200] All configs were filtered out because none of them sufficiently match the hints. Maybe the hints set does not contain a good representative set of valid configs?Working around this by using the full hints set instead.
2026-06-14 08:44:10.757368: W external/xla/xla/service/gpu/autotuning/dot_search_space.cc:200] All configs were filtered out because none of them sufficiently match the hints. Maybe the hints set does not contain a good representative set of valid configs?Working around this by using the full hints set instead.
2026-06-14 08:44:10.757454: W external/xla/xla/service/gpu/autotuning/dot_search_space.cc:200] All configs were filtered out because none of them sufficiently match the hints. Maybe the hints set does not contain a good representative set of valid configs?Working around this by using the full hints set instead.
[flow-s] step 500/100000 loss 0.6449 ema 0.7512 (50.3 it/s)
[flow-s] step 1000/100000 loss 0.5936 ema 0.6109 (82.4 it/s)
[flow-s] step 1500/100000 loss 0.5347 ema 0.5731 (104.6 it/s)
[flow-s] step 2000/100000 loss 0.5418 ema 0.5505 (120.9 it/s)
[flow-s] step 2500/100000 loss 0.4470 ema 0.4687 (133.3 it/s)
[flow-s] step 3000/100000 loss 0.3947 ema 0.4009 (143.0 it/s)
[flow-s] step 3500/100000 loss 0.3869 ema 0.3774 (150.9 it/s)
[flow-s] step 4000/100000 loss 0.3582 ema 0.3634 (157.4 it/s)
[flow-s] step 4500/100000 loss 0.3562 ema 0.3528 (162.9 it/s)
[flow-s] step 5000/100000 loss 0.3446 ema 0.3459 (167.6 it/s)
[flow-s] step 5500/100000 loss 0.3265 ema 0.3393 (171.7 it/s)
[flow-s] step 6000/100000 loss 0.3131 ema 0.3347 (175.2 it/s)
[flow-s] step 6500/100000 loss 0.3207 ema 0.3282 (178.3 it/s)
[flow-s] step 7000/100000 loss 0.3428 ema 0.3270 (181.1 it/s)
[flow-s] step 7500/100000 loss 0.3065 ema 0.3217 (183.5 it/s)
[flow-s] step 8000/100000 loss 0.3086 ema 0.3207 (185.7 it/s)
[flow-s] step 8500/100000 loss 0.3173 ema 0.3187 (187.7 it/s)
[flow-s] step 9000/100000 loss 0.2997 ema 0.3145 (189.4 it/s)
[flow-s] step 9500/100000 loss 0.3247 ema 0.3130 (191.1 it/s)
[flow-s] step 10000/100000 loss 0.3088 ema 0.3103 (192.6 it/s)
2026-06-14 08:45:08.275133: W external/xla/xla/service/gpu/autotuning/dot_search_space.cc:200] All configs were filtered out because none of them sufficiently match the hints. Maybe the hints set does not contain a good representative set of valid configs?Working around this by using the full hints set instead.
2026-06-14 08:45:08.275191: W external/xla/xla/service/gpu/autotuning/dot_search_space.cc:200] All configs were filtered out because none of them sufficiently match the hints. Maybe the hints set does not contain a good representative set of valid configs?Working around this by using the full hints set instead.
2026-06-14 08:45:08.275195: W external/xla/xla/service/gpu/autotuning/dot_search_space.cc:200] All configs were filtered out because none of them sufficiently match the hints. Maybe the hints set does not contain a good representative set of valid configs?Working around this by using the full hints set instead.
2026-06-14 08:45:08.275201: W external/xla/xla/service/gpu/autotuning/dot_search_space.cc:200] All configs were filtered out because none of them sufficiently match the hints. Maybe the hints set does not contain a good representative set of valid configs?Working around this by using the full hints set instead.
2026-06-14 08:45:08.275215: W external/xla/xla/service/gpu/autotuning/dot_search_space.cc:200] All configs were filtered out because none of them sufficiently match the hints. Maybe the hints set does not contain a good representative set of valid configs?Working around this by using the full hints set instead.
2026-06-14 08:45:08.275230: W external/xla/xla/service/gpu/autotuning/dot_search_space.cc:200] All configs were filtered out because none of them sufficiently match the hints. Maybe the hints set does not contain a good representative set of valid configs?Working around this by using the full hints set instead.
2026-06-14 08:45:08.275234: W external/xla/xla/service/gpu/autotuning/dot_search_space.cc:200] All configs were filtered out because none of them sufficiently match the hints. Maybe the hints set does not contain a good representative set of valid configs?Working around this by using the full hints set instead.
2026-06-14 08:45:08.275237: W external/xla/xla/service/gpu/autotuning/dot_search_space.cc:200] All configs were filtered out because none of them sufficiently match the hints. Maybe the hints set does not contain a good representative set of valid configs?Working around this by using the full hints set instead.
[flow-s] step 10000 EVAL ema=0.0% online=0.0% (25 ep)
[flow-s] step 10500/100000 loss 0.3111 ema 0.3092 (37.0 it/s)
[flow-s] step 11000/100000 loss 0.3066 ema 0.3071 (38.5 it/s)
[flow-s] step 11500/100000 loss 0.2977 ema 0.3048 (39.9 it/s)
[flow-s] step 12000/100000 loss 0.2871 ema 0.3046 (41.3 it/s)
[flow-s] step 12500/100000 loss 0.2891 ema 0.3019 (42.7 it/s)
[flow-s] step 13000/100000 loss 0.3074 ema 0.3011 (44.1 it/s)
[flow-s] step 13500/100000 loss 0.2945 ema 0.2997 (45.4 it/s)
[flow-s] step 14000/100000 loss 0.3001 ema 0.2989 (46.7 it/s)
[flow-s] step 14500/100000 loss 0.2931 ema 0.2972 (48.0 it/s)
[flow-s] step 15000/100000 loss 0.2901 ema 0.2962 (49.3 it/s)
[flow-s] step 15500/100000 loss 0.2899 ema 0.2948 (50.6 it/s)
[flow-s] step 16000/100000 loss 0.2890 ema 0.2934 (51.9 it/s)
[flow-s] step 16500/100000 loss 0.2940 ema 0.2914 (53.1 it/s)
[flow-s] step 17000/100000 loss 0.2931 ema 0.2909 (54.3 it/s)
[flow-s] step 17500/100000 loss 0.3001 ema 0.2905 (55.5 it/s)
[flow-s] step 18000/100000 loss 0.2961 ema 0.2896 (56.7 it/s)
[flow-s] step 18500/100000 loss 0.2919 ema 0.2892 (57.8 it/s)
[flow-s] step 19000/100000 loss 0.2937 ema 0.2880 (59.0 it/s)
[flow-s] step 19500/100000 loss 0.2844 ema 0.2871 (60.1 it/s)
[flow-s] step 20000/100000 loss 0.2865 ema 0.2859 (61.2 it/s)
[flow-s] step 20000 EVAL ema=0.0% online=0.0% (25 ep)
[flow-s] step 20500/100000 loss 0.2810 ema 0.2852 (38.4 it/s)
[flow-s] step 21000/100000 loss 0.2925 ema 0.2839 (39.1 it/s)
[flow-s] step 21500/100000 loss 0.2912 ema 0.2828 (39.9 it/s)
[flow-s] step 22000/100000 loss 0.2804 ema 0.2827 (40.7 it/s)
[flow-s] step 22500/100000 loss 0.2726 ema 0.2808 (41.4 it/s)
[flow-s] step 23000/100000 loss 0.2852 ema 0.2796 (42.1 it/s)
[flow-s] step 23500/100000 loss 0.2835 ema 0.2795 (42.9 it/s)
[flow-s] step 24000/100000 loss 0.2633 ema 0.2781 (43.6 it/s)
[flow-s] step 24500/100000 loss 0.2895 ema 0.2771 (44.3 it/s)
[flow-s] step 25000/100000 loss 0.2628 ema 0.2768 (45.1 it/s)
[flow-s] step 25500/100000 loss 0.2646 ema 0.2759 (45.8 it/s)
[flow-s] step 26000/100000 loss 0.2873 ema 0.2752 (46.5 it/s)
[flow-s] step 26500/100000 loss 0.2718 ema 0.2739 (47.2 it/s)
[flow-s] step 27000/100000 loss 0.2588 ema 0.2740 (47.9 it/s)
[flow-s] step 27500/100000 loss 0.2719 ema 0.2724 (48.6 it/s)
[flow-s] step 28000/100000 loss 0.2688 ema 0.2729 (49.3 it/s)
[flow-s] step 28500/100000 loss 0.2751 ema 0.2727 (50.0 it/s)
[flow-s] step 29000/100000 loss 0.2867 ema 0.2705 (50.6 it/s)
[flow-s] step 29500/100000 loss 0.2652 ema 0.2698 (51.3 it/s)
[flow-s] step 30000/100000 loss 0.2625 ema 0.2695 (52.0 it/s)
[flow-s] step 30000 EVAL ema=0.0% online=0.0% (25 ep)
[flow-s] step 30500/100000 loss 0.2673 ema 0.2676 (38.3 it/s)
[flow-s] step 31000/100000 loss 0.2687 ema 0.2679 (38.8 it/s)
[flow-s] step 31500/100000 loss 0.2616 ema 0.2663 (39.3 it/s)
[flow-s] step 32000/100000 loss 0.2745 ema 0.2669 (39.8 it/s)
[flow-s] step 32500/100000 loss 0.2610 ema 0.2654 (40.3 it/s)
[flow-s] step 33000/100000 loss 0.2579 ema 0.2647 (40.8 it/s)
[flow-s] step 33500/100000 loss 0.2726 ema 0.2639 (41.3 it/s)
[flow-s] step 34000/100000 loss 0.2691 ema 0.2634 (41.8 it/s)
[flow-s] step 34500/100000 loss 0.2576 ema 0.2619 (42.3 it/s)
[flow-s] step 35000/100000 loss 0.2609 ema 0.2617 (42.8 it/s)
[flow-s] step 35500/100000 loss 0.2826 ema 0.2612 (43.3 it/s)
[flow-s] step 36000/100000 loss 0.2567 ema 0.2598 (43.8 it/s)
[flow-s] step 36500/100000 loss 0.2754 ema 0.2580 (44.3 it/s)
[flow-s] step 37000/100000 loss 0.2508 ema 0.2570 (44.8 it/s)
[flow-s] step 37500/100000 loss 0.2617 ema 0.2549 (45.3 it/s)
[flow-s] step 38000/100000 loss 0.2637 ema 0.2545 (45.7 it/s)
[flow-s] step 38500/100000 loss 0.2650 ema 0.2535 (46.2 it/s)
[flow-s] step 39000/100000 loss 0.2535 ema 0.2528 (46.7 it/s)
[flow-s] step 39500/100000 loss 0.2446 ema 0.2511 (47.2 it/s)
[flow-s] step 40000/100000 loss 0.2531 ema 0.2514 (47.6 it/s)
[flow-s] step 40000 EVAL ema=0.0% online=8.0% (25 ep)
[flow-s] step 40500/100000 loss 0.2459 ema 0.2493 (38.4 it/s)
[flow-s] step 41000/100000 loss 0.2560 ema 0.2483 (38.7 it/s)
[flow-s] step 41500/100000 loss 0.2536 ema 0.2478 (39.1 it/s)
[flow-s] step 42000/100000 loss 0.2483 ema 0.2468 (39.5 it/s)
[flow-s] step 42500/100000 loss 0.2407 ema 0.2457 (39.9 it/s)
[flow-s] step 43000/100000 loss 0.2423 ema 0.2451 (40.3 it/s)
[flow-s] step 43500/100000 loss 0.2461 ema 0.2428 (40.7 it/s)
[flow-s] step 44000/100000 loss 0.2426 ema 0.2429 (41.1 it/s)
[flow-s] step 44500/100000 loss 0.2303 ema 0.2422 (41.4 it/s)
[flow-s] step 45000/100000 loss 0.2337 ema 0.2417 (41.8 it/s)
[flow-s] step 45500/100000 loss 0.2359 ema 0.2415 (42.2 it/s)
[flow-s] step 46000/100000 loss 0.2240 ema 0.2394 (42.6 it/s)
[flow-s] step 46500/100000 loss 0.2377 ema 0.2388 (42.9 it/s)
[flow-s] step 47000/100000 loss 0.2214 ema 0.2376 (43.3 it/s)
[flow-s] step 47500/100000 loss 0.2286 ema 0.2364 (43.7 it/s)
[flow-s] step 48000/100000 loss 0.2410 ema 0.2357 (44.1 it/s)
[flow-s] step 48500/100000 loss 0.2307 ema 0.2341 (44.4 it/s)
[flow-s] step 49000/100000 loss 0.2320 ema 0.2336 (44.8 it/s)
[flow-s] step 49500/100000 loss 0.2335 ema 0.2323 (45.1 it/s)
[flow-s] step 50000/100000 loss 0.2279 ema 0.2324 (45.5 it/s)
[flow-s] step 50000 EVAL ema=4.0% online=4.0% (25 ep)
[flow-s] step 50500/100000 loss 0.2325 ema 0.2311 (38.1 it/s)
[flow-s] step 51000/100000 loss 0.2276 ema 0.2299 (38.4 it/s)
[flow-s] step 51500/100000 loss 0.2341 ema 0.2294 (38.7 it/s)
[flow-s] step 52000/100000 loss 0.2276 ema 0.2277 (39.0 it/s)
[flow-s] step 52500/100000 loss 0.2250 ema 0.2276 (39.3 it/s)
[flow-s] step 53000/100000 loss 0.2339 ema 0.2273 (39.6 it/s)
[flow-s] step 53500/100000 loss 0.2256 ema 0.2257 (39.9 it/s)
[flow-s] step 54000/100000 loss 0.2275 ema 0.2237 (40.2 it/s)
[flow-s] step 54500/100000 loss 0.2371 ema 0.2228 (40.5 it/s)
[flow-s] step 55000/100000 loss 0.2164 ema 0.2229 (40.8 it/s)
[flow-s] step 55500/100000 loss 0.2264 ema 0.2213 (41.1 it/s)
[flow-s] step 56000/100000 loss 0.2226 ema 0.2215 (41.4 it/s)
[flow-s] step 56500/100000 loss 0.2143 ema 0.2186 (41.7 it/s)
[flow-s] step 57000/100000 loss 0.2168 ema 0.2183 (42.0 it/s)
[flow-s] step 57500/100000 loss 0.2264 ema 0.2197 (42.3 it/s)
[flow-s] step 58000/100000 loss 0.2263 ema 0.2173 (42.6 it/s)
[flow-s] step 58500/100000 loss 0.2173 ema 0.2163 (42.9 it/s)
[flow-s] step 59000/100000 loss 0.2136 ema 0.2156 (43.2 it/s)
[flow-s] step 59500/100000 loss 0.2122 ema 0.2138 (43.5 it/s)
[flow-s] step 60000/100000 loss 0.2198 ema 0.2132 (43.8 it/s)
[flow-s] step 60000 EVAL ema=20.0% online=16.0% (25 ep)
[flow-s] step 60500/100000 loss 0.2115 ema 0.2126 (37.8 it/s)
[flow-s] step 61000/100000 loss 0.2126 ema 0.2123 (38.0 it/s)
[flow-s] step 61500/100000 loss 0.2131 ema 0.2106 (38.3 it/s)
[flow-s] step 62000/100000 loss 0.2026 ema 0.2107 (38.5 it/s)
[flow-s] step 62500/100000 loss 0.2039 ema 0.2093 (38.8 it/s)
[flow-s] step 63000/100000 loss 0.2171 ema 0.2088 (39.1 it/s)
[flow-s] step 63500/100000 loss 0.2072 ema 0.2083 (39.3 it/s)
[flow-s] step 64000/100000 loss 0.2062 ema 0.2066 (39.6 it/s)
[flow-s] step 64500/100000 loss 0.2138 ema 0.2062 (39.8 it/s)
[flow-s] step 65000/100000 loss 0.2141 ema 0.2061 (40.1 it/s)
[flow-s] step 65500/100000 loss 0.2049 ema 0.2039 (40.3 it/s)
[flow-s] step 66000/100000 loss 0.2118 ema 0.2036 (40.6 it/s)
[flow-s] step 66500/100000 loss 0.1999 ema 0.2028 (40.8 it/s)
[flow-s] step 67000/100000 loss 0.2078 ema 0.2011 (41.1 it/s)
[flow-s] step 67500/100000 loss 0.2067 ema 0.2017 (41.3 it/s)
[flow-s] step 68000/100000 loss 0.1931 ema 0.2002 (41.6 it/s)
[flow-s] step 68500/100000 loss 0.1991 ema 0.1999 (41.8 it/s)
[flow-s] step 69000/100000 loss 0.1967 ema 0.1987 (42.1 it/s)
[flow-s] step 69500/100000 loss 0.1962 ema 0.1985 (42.3 it/s)
[flow-s] step 70000/100000 loss 0.1973 ema 0.1980 (42.6 it/s)
[flow-s] step 70000 EVAL ema=16.0% online=20.0% (25 ep)
[flow-s] step 70500/100000 loss 0.2027 ema 0.1968 (37.8 it/s)
[flow-s] step 71000/100000 loss 0.2004 ema 0.1964 (38.0 it/s)
[flow-s] step 71500/100000 loss 0.1933 ema 0.1956 (38.2 it/s)
[flow-s] step 72000/100000 loss 0.2042 ema 0.1945 (38.4 it/s)
[flow-s] step 72500/100000 loss 0.2202 ema 0.1940 (38.7 it/s)
[flow-s] step 73000/100000 loss 0.1886 ema 0.1940 (38.9 it/s)
[flow-s] step 73500/100000 loss 0.1957 ema 0.1930 (39.1 it/s)
[flow-s] step 74000/100000 loss 0.1965 ema 0.1921 (39.3 it/s)
[flow-s] step 74500/100000 loss 0.1905 ema 0.1915 (39.5 it/s)
[flow-s] step 75000/100000 loss 0.1804 ema 0.1907 (39.8 it/s)
[flow-s] step 75500/100000 loss 0.1950 ema 0.1905 (40.0 it/s)
[flow-s] step 76000/100000 loss 0.1875 ema 0.1888 (40.2 it/s)
[flow-s] step 76500/100000 loss 0.1779 ema 0.1882 (40.4 it/s)
[flow-s] step 77000/100000 loss 0.1900 ema 0.1883 (40.6 it/s)
[flow-s] step 77500/100000 loss 0.1806 ema 0.1868 (40.8 it/s)
[flow-s] step 78000/100000 loss 0.1893 ema 0.1870 (41.1 it/s)
[flow-s] step 78500/100000 loss 0.1933 ema 0.1869 (41.3 it/s)
[flow-s] step 79000/100000 loss 0.1885 ema 0.1859 (41.5 it/s)
[flow-s] step 79500/100000 loss 0.1856 ema 0.1853 (41.7 it/s)
[flow-s] step 80000/100000 loss 0.1828 ema 0.1840 (41.9 it/s)
[flow-s] step 80000 EVAL ema=28.0% online=24.0% (25 ep)
[flow-s] step 80500/100000 loss 0.1872 ema 0.1840 (37.6 it/s)
[flow-s] step 81000/100000 loss 0.1794 ema 0.1829 (37.8 it/s)
[flow-s] step 81500/100000 loss 0.1828 ema 0.1832 (38.0 it/s)
[flow-s] step 82000/100000 loss 0.1839 ema 0.1820 (38.2 it/s)
[flow-s] step 82500/100000 loss 0.1786 ema 0.1815 (38.4 it/s)
[flow-s] step 83000/100000 loss 0.1766 ema 0.1816 (38.6 it/s)
[flow-s] step 83500/100000 loss 0.1812 ema 0.1805 (38.8 it/s)
[flow-s] step 84000/100000 loss 0.1816 ema 0.1798 (39.0 it/s)
[flow-s] step 84500/100000 loss 0.1798 ema 0.1785 (39.2 it/s)
[flow-s] step 85000/100000 loss 0.1859 ema 0.1795 (39.3 it/s)
[flow-s] step 85500/100000 loss 0.1798 ema 0.1786 (39.5 it/s)
[flow-s] step 86000/100000 loss 0.1811 ema 0.1778 (39.7 it/s)
[flow-s] step 86500/100000 loss 0.1673 ema 0.1776 (39.9 it/s)
[flow-s] step 87000/100000 loss 0.1766 ema 0.1769 (40.1 it/s)
[flow-s] step 87500/100000 loss 0.1832 ema 0.1756 (40.3 it/s)
[flow-s] step 88000/100000 loss 0.1780 ema 0.1761 (40.5 it/s)
[flow-s] step 88500/100000 loss 0.1775 ema 0.1754 (40.7 it/s)
[flow-s] step 89000/100000 loss 0.1788 ema 0.1746 (40.9 it/s)
[flow-s] step 89500/100000 loss 0.1737 ema 0.1745 (41.0 it/s)
[flow-s] step 90000/100000 loss 0.1717 ema 0.1733 (41.2 it/s)
[flow-s] step 90000 EVAL ema=44.0% online=24.0% (25 ep)
[flow-s] step 90500/100000 loss 0.1682 ema 0.1733 (37.5 it/s)
[flow-s] step 91000/100000 loss 0.1774 ema 0.1726 (37.7 it/s)
[flow-s] step 91500/100000 loss 0.1696 ema 0.1716 (37.8 it/s)
[flow-s] step 92000/100000 loss 0.1711 ema 0.1717 (38.0 it/s)
[flow-s] step 92500/100000 loss 0.1713 ema 0.1717 (38.2 it/s)
[flow-s] step 93000/100000 loss 0.1679 ema 0.1711 (38.4 it/s)
[flow-s] step 93500/100000 loss 0.1638 ema 0.1708 (38.5 it/s)
[flow-s] step 94000/100000 loss 0.1660 ema 0.1704 (38.7 it/s)
[flow-s] step 94500/100000 loss 0.1620 ema 0.1695 (38.9 it/s)
[flow-s] step 95000/100000 loss 0.1649 ema 0.1689 (39.0 it/s)
[flow-s] step 95500/100000 loss 0.1759 ema 0.1679 (39.2 it/s)
[flow-s] step 96000/100000 loss 0.1614 ema 0.1674 (39.4 it/s)
[flow-s] step 96500/100000 loss 0.1686 ema 0.1680 (39.5 it/s)
[flow-s] step 97000/100000 loss 0.1620 ema 0.1681 (39.7 it/s)
[flow-s] step 97500/100000 loss 0.1685 ema 0.1674 (39.9 it/s)
[flow-s] step 98000/100000 loss 0.1670 ema 0.1664 (40.1 it/s)
[flow-s] step 98500/100000 loss 0.1770 ema 0.1660 (40.2 it/s)
[flow-s] step 99000/100000 loss 0.1680 ema 0.1655 (40.4 it/s)
[flow-s] step 99500/100000 loss 0.1609 ema 0.1653 (40.6 it/s)
[flow-s] step 100000/100000 loss 0.1712 ema 0.1654 (40.7 it/s)
[flow-s] step 100000 EVAL ema=36.0% online=24.0% (25 ep)
[flow-s] saved checkpoints/flowdp_state_toolhang.pkl (best ema eval 44.0%)
[1;34mwandb[0m: 
[1;34mwandb[0m: 🚀 View run [33mhearty-butterfly-2[0m at: [34mhttps://wandb.ai/pranavnt/wrl-dp-expert/runs/9br8q4z3[0m
[1;34mwandb[0m: Find logs at: [1;35mwandb/run-20260614_084409-9br8q4z3/logs[0m
