[robosuite WARNING] No private macro file found! (macros.py:53)
[robosuite WARNING] It is recommended to use a private macro file (macros.py:54)
[robosuite WARNING] To setup, run: python /home/yam/wrl/.venv/lib/python3.11/site-packages/robosuite/scripts/setup_macros.py (macros.py:55)
[flow] image_keys=('agentview_image', 'robot0_eye_in_hand_image') d_a=7 Tp=16 Ta=8 obs_hist=2
[flow] 95962 steps; action std range [0.049,0.918]
2026-06-13 13:50:13.709415: W external/xla/xla/service/gpu/autotuning/dot_search_space.cc:200] All configs were filtered out because none of them sufficiently match the hints. Maybe the hints set does not contain a good representative set of valid configs?Working around this by using the full hints set instead.
2026-06-13 13:50:15.158907: W external/xla/xla/service/gpu/autotuning/dot_search_space.cc:200] All configs were filtered out because none of them sufficiently match the hints. Maybe the hints set does not contain a good representative set of valid configs?Working around this by using the full hints set instead.
2026-06-13 13:50:15.755966: W external/xla/xla/service/gpu/autotuning/dot_search_space.cc:200] All configs were filtered out because none of them sufficiently match the hints. Maybe the hints set does not contain a good representative set of valid configs?Working around this by using the full hints set instead.
2026-06-13 13:50:16.389323: W external/xla/xla/service/gpu/autotuning/dot_search_space.cc:200] All configs were filtered out because none of them sufficiently match the hints. Maybe the hints set does not contain a good representative set of valid configs?Working around this by using the full hints set instead.
2026-06-13 13:50:16.901726: W external/xla/xla/service/gpu/autotuning/dot_search_space.cc:200] All configs were filtered out because none of them sufficiently match the hints. Maybe the hints set does not contain a good representative set of valid configs?Working around this by using the full hints set instead.
2026-06-13 13:50:17.368799: W external/xla/xla/service/gpu/autotuning/dot_search_space.cc:200] All configs were filtered out because none of them sufficiently match the hints. Maybe the hints set does not contain a good representative set of valid configs?Working around this by using the full hints set instead.
2026-06-13 13:50:17.779006: W external/xla/xla/service/gpu/autotuning/dot_search_space.cc:200] All configs were filtered out because none of them sufficiently match the hints. Maybe the hints set does not contain a good representative set of valid configs?Working around this by using the full hints set instead.
2026-06-13 13:50:19.020178: W external/xla/xla/service/gpu/autotuning/dot_search_space.cc:200] All configs were filtered out because none of them sufficiently match the hints. Maybe the hints set does not contain a good representative set of valid configs?Working around this by using the full hints set instead.
wandb: [wandb.login()] Loaded credentials for https://api.wandb.ai from /home/yam/.netrc.
wandb: Currently logged in as: pranavnt to https://api.wandb.ai. Use `wandb login --relogin` to force relogin
wandb: setting up run mhlgz5kz
wandb: Tracking run with wandb version 0.27.2
wandb: Run data is saved locally in /home/yam/wrl/wandb/run-20260613_135020-mhlgz5kz
wandb: Run `wandb offline` to turn off syncing.
wandb: Syncing run dashing-spaceship-1
wandb: ⭐️ View project at https://wandb.ai/pranavnt/wrl-dp-expert
wandb: 🚀 View run at https://wandb.ai/pranavnt/wrl-dp-expert/runs/mhlgz5kz
2026-06-13 13:50:23.168278: W external/xla/xla/service/gpu/autotuning/dot_search_space.cc:200] All configs were filtered out because none of them sufficiently match the hints. Maybe the hints set does not contain a good representative set of valid configs?Working around this by using the full hints set instead.
2026-06-13 13:50:23.168576: W external/xla/xla/service/gpu/autotuning/dot_search_space.cc:200] All configs were filtered out because none of them sufficiently match the hints. Maybe the hints set does not contain a good representative set of valid configs?Working around this by using the full hints set instead.
2026-06-13 13:50:23.168597: W external/xla/xla/service/gpu/autotuning/dot_search_space.cc:200] All configs were filtered out because none of them sufficiently match the hints. Maybe the hints set does not contain a good representative set of valid configs?Working around this by using the full hints set instead.
2026-06-13 13:50:23.168673: W external/xla/xla/service/gpu/autotuning/dot_search_space.cc:200] All configs were filtered out because none of them sufficiently match the hints. Maybe the hints set does not contain a good representative set of valid configs?Working around this by using the full hints set instead.
[flow] step 500/150000 loss 0.7390 ema 0.7694 (16.6 it/s)
[flow] step 1000/150000 loss 0.5924 ema 0.6215 (21.9 it/s)
[flow] step 1500/150000 loss 0.5539 ema 0.5899 (24.6 it/s)
[flow] step 2000/150000 loss 0.5465 ema 0.5682 (26.1 it/s)
[flow] step 2500/150000 loss 0.5647 ema 0.5524 (27.1 it/s)
[flow] step 3000/150000 loss 0.4383 ema 0.4790 (27.8 it/s)
[flow] step 3500/150000 loss 0.4163 ema 0.4169 (28.4 it/s)
[flow] step 4000/150000 loss 0.3848 ema 0.3942 (28.8 it/s)
[flow] step 4500/150000 loss 0.3556 ema 0.3798 (29.1 it/s)
[flow] step 5000/150000 loss 0.3605 ema 0.3711 (29.4 it/s)
[flow] step 5500/150000 loss 0.3654 ema 0.3640 (29.6 it/s)
[flow] step 6000/150000 loss 0.3554 ema 0.3581 (29.8 it/s)
[flow] step 6500/150000 loss 0.3620 ema 0.3526 (29.9 it/s)
[flow] step 7000/150000 loss 0.3454 ema 0.3513 (30.1 it/s)
[flow] step 7500/150000 loss 0.3539 ema 0.3451 (30.2 it/s)
[flow] step 8000/150000 loss 0.3434 ema 0.3432 (30.3 it/s)
[flow] step 8500/150000 loss 0.3419 ema 0.3393 (30.4 it/s)
[flow] step 9000/150000 loss 0.3221 ema 0.3380 (30.5 it/s)
[flow] step 9500/150000 loss 0.3598 ema 0.3356 (30.6 it/s)
[flow] step 10000/150000 loss 0.3292 ema 0.3313 (30.6 it/s)
2026-06-13 13:56:00.262295: W external/xla/xla/service/gpu/autotuning/dot_search_space.cc:200] All configs were filtered out because none of them sufficiently match the hints. Maybe the hints set does not contain a good representative set of valid configs?Working around this by using the full hints set instead.
2026-06-13 13:56:00.262329: W external/xla/xla/service/gpu/autotuning/dot_search_space.cc:200] All configs were filtered out because none of them sufficiently match the hints. Maybe the hints set does not contain a good representative set of valid configs?Working around this by using the full hints set instead.
2026-06-13 13:56:00.262356: W external/xla/xla/service/gpu/autotuning/dot_search_space.cc:200] All configs were filtered out because none of them sufficiently match the hints. Maybe the hints set does not contain a good representative set of valid configs?Working around this by using the full hints set instead.
2026-06-13 13:56:00.262361: W external/xla/xla/service/gpu/autotuning/dot_search_space.cc:200] All configs were filtered out because none of them sufficiently match the hints. Maybe the hints set does not contain a good representative set of valid configs?Working around this by using the full hints set instead.
2026-06-13 13:56:00.262366: W external/xla/xla/service/gpu/autotuning/dot_search_space.cc:200] All configs were filtered out because none of them sufficiently match the hints. Maybe the hints set does not contain a good representative set of valid configs?Working around this by using the full hints set instead.
2026-06-13 13:56:00.262380: W external/xla/xla/service/gpu/autotuning/dot_search_space.cc:200] All configs were filtered out because none of them sufficiently match the hints. Maybe the hints set does not contain a good representative set of valid configs?Working around this by using the full hints set instead.
2026-06-13 13:56:00.262385: W external/xla/xla/service/gpu/autotuning/dot_search_space.cc:200] All configs were filtered out because none of them sufficiently match the hints. Maybe the hints set does not contain a good representative set of valid configs?Working around this by using the full hints set instead.
2026-06-13 13:56:00.262389: W external/xla/xla/service/gpu/autotuning/dot_search_space.cc:200] All configs were filtered out because none of them sufficiently match the hints. Maybe the hints set does not contain a good representative set of valid configs?Working around this by using the full hints set instead.
2026-06-13 13:56:00.262405: W external/xla/xla/service/gpu/autotuning/dot_search_space.cc:200] All configs were filtered out because none of them sufficiently match the hints. Maybe the hints set does not contain a good representative set of valid configs?Working around this by using the full hints set instead.
[flow] step 10000 EVAL success=0.0% (20 ep)
[flow] step 10500/150000 loss 0.3467 ema 0.3323 (23.5 it/s)
[flow] step 11000/150000 loss 0.3276 ema 0.3283 (23.8 it/s)
[flow] step 11500/150000 loss 0.3308 ema 0.3256 (24.1 it/s)
[flow] step 12000/150000 loss 0.2990 ema 0.3263 (24.3 it/s)
[flow] step 12500/150000 loss 0.3170 ema 0.3240 (24.6 it/s)
[flow] step 13000/150000 loss 0.3202 ema 0.3200 (24.8 it/s)
[flow] step 13500/150000 loss 0.2962 ema 0.3211 (25.0 it/s)
[flow] step 14000/150000 loss 0.3306 ema 0.3205 (25.2 it/s)
[flow] step 14500/150000 loss 0.3285 ema 0.3184 (25.4 it/s)
[flow] step 15000/150000 loss 0.2824 ema 0.3153 (25.5 it/s)
[flow] step 15500/150000 loss 0.3232 ema 0.3151 (25.7 it/s)
[flow] step 16000/150000 loss 0.2968 ema 0.3158 (25.8 it/s)
[flow] step 16500/150000 loss 0.3070 ema 0.3130 (26.0 it/s)
[flow] step 17000/150000 loss 0.3137 ema 0.3128 (26.1 it/s)
[flow] step 17500/150000 loss 0.3219 ema 0.3115 (26.2 it/s)
[flow] step 18000/150000 loss 0.3032 ema 0.3085 (26.4 it/s)
[flow] step 18500/150000 loss 0.3196 ema 0.3092 (26.5 it/s)
[flow] step 19000/150000 loss 0.3143 ema 0.3083 (26.6 it/s)
[flow] step 19500/150000 loss 0.2955 ema 0.3061 (26.7 it/s)
[flow] step 20000/150000 loss 0.3224 ema 0.3060 (26.8 it/s)
[flow] step 20000 EVAL success=0.0% (20 ep)
[flow] step 20500/150000 loss 0.2861 ema 0.3044 (24.3 it/s)
[flow] step 21000/150000 loss 0.2774 ema 0.3042 (24.4 it/s)
[flow] step 21500/150000 loss 0.3312 ema 0.3008 (24.5 it/s)
[flow] step 22000/150000 loss 0.2963 ema 0.3010 (24.7 it/s)
[flow] step 22500/150000 loss 0.2966 ema 0.3008 (24.8 it/s)
[flow] step 23000/150000 loss 0.2850 ema 0.2988 (24.9 it/s)
[flow] step 23500/150000 loss 0.2952 ema 0.2986 (25.0 it/s)
[flow] step 24000/150000 loss 0.2758 ema 0.2973 (25.1 it/s)
[flow] step 24500/150000 loss 0.2765 ema 0.2961 (25.2 it/s)
[flow] step 25000/150000 loss 0.2963 ema 0.2961 (25.3 it/s)
[flow] step 25500/150000 loss 0.2987 ema 0.2953 (25.4 it/s)
[flow] step 26000/150000 loss 0.2868 ema 0.2940 (25.5 it/s)
[flow] step 26500/150000 loss 0.2940 ema 0.2949 (25.6 it/s)
[flow] step 27000/150000 loss 0.2837 ema 0.2923 (25.7 it/s)
[flow] step 27500/150000 loss 0.2827 ema 0.2924 (25.8 it/s)
[flow] step 28000/150000 loss 0.2898 ema 0.2900 (25.9 it/s)
[flow] step 28500/150000 loss 0.2813 ema 0.2909 (26.0 it/s)
[flow] step 29000/150000 loss 0.2987 ema 0.2896 (26.1 it/s)
[flow] step 29500/150000 loss 0.2977 ema 0.2884 (26.1 it/s)
[flow] step 30000/150000 loss 0.2917 ema 0.2879 (26.2 it/s)
[flow] step 30000 EVAL success=0.0% (20 ep)
[flow] step 30500/150000 loss 0.2876 ema 0.2868 (24.4 it/s)
[flow] step 31000/150000 loss 0.2792 ema 0.2857 (24.5 it/s)
[flow] step 31500/150000 loss 0.2673 ema 0.2853 (24.6 it/s)
[flow] step 32000/150000 loss 0.2889 ema 0.2845 (24.7 it/s)
[flow] step 32500/150000 loss 0.2663 ema 0.2825 (24.8 it/s)
[flow] step 33000/150000 loss 0.2980 ema 0.2819 (24.9 it/s)
[flow] step 33500/150000 loss 0.2832 ema 0.2837 (24.9 it/s)
[flow] step 34000/150000 loss 0.2695 ema 0.2809 (25.0 it/s)
[flow] step 34500/150000 loss 0.2734 ema 0.2808 (25.1 it/s)
[flow] step 35000/150000 loss 0.2797 ema 0.2807 (25.2 it/s)
[flow] step 35500/150000 loss 0.2708 ema 0.2785 (25.2 it/s)
[flow] step 36000/150000 loss 0.2789 ema 0.2793 (25.3 it/s)
[flow] step 36500/150000 loss 0.2706 ema 0.2798 (25.4 it/s)
[flow] step 37000/150000 loss 0.2848 ema 0.2772 (25.5 it/s)
[flow] step 37500/150000 loss 0.2706 ema 0.2766 (25.5 it/s)
[flow] step 38000/150000 loss 0.2821 ema 0.2747 (25.6 it/s)
[flow] step 38500/150000 loss 0.2834 ema 0.2751 (25.6 it/s)
[flow] step 39000/150000 loss 0.2670 ema 0.2744 (25.7 it/s)
[flow] step 39500/150000 loss 0.2699 ema 0.2725 (25.8 it/s)
[flow] step 40000/150000 loss 0.2715 ema 0.2727 (25.8 it/s)
[flow] step 40000 EVAL success=25.0% (20 ep)
[flow] step 40500/150000 loss 0.2902 ema 0.2714 (24.5 it/s)
[flow] step 41000/150000 loss 0.2571 ema 0.2708 (24.6 it/s)
[flow] step 41500/150000 loss 0.2595 ema 0.2682 (24.6 it/s)
[flow] step 42000/150000 loss 0.2634 ema 0.2685 (24.7 it/s)
[flow] step 42500/150000 loss 0.2571 ema 0.2674 (24.8 it/s)
[flow] step 43000/150000 loss 0.2751 ema 0.2669 (24.8 it/s)
[flow] step 43500/150000 loss 0.2638 ema 0.2662 (24.9 it/s)
[flow] step 44000/150000 loss 0.2803 ema 0.2658 (24.9 it/s)
[flow] step 44500/150000 loss 0.2520 ema 0.2651 (25.0 it/s)
[flow] step 45000/150000 loss 0.2626 ema 0.2633 (25.1 it/s)
[flow] step 45500/150000 loss 0.2565 ema 0.2626 (25.1 it/s)
[flow] step 46000/150000 loss 0.2696 ema 0.2605 (25.2 it/s)
[flow] step 46500/150000 loss 0.2405 ema 0.2606 (25.2 it/s)
[flow] step 47000/150000 loss 0.2458 ema 0.2610 (25.3 it/s)
[flow] step 47500/150000 loss 0.2540 ema 0.2581 (25.3 it/s)
[flow] step 48000/150000 loss 0.2564 ema 0.2598 (25.4 it/s)
[flow] step 48500/150000 loss 0.2562 ema 0.2573 (25.4 it/s)
[flow] step 49000/150000 loss 0.2438 ema 0.2565 (25.5 it/s)
[flow] step 49500/150000 loss 0.2598 ema 0.2567 (25.5 it/s)
[flow] step 50000/150000 loss 0.2457 ema 0.2554 (25.6 it/s)
[flow] step 50000 EVAL success=35.0% (20 ep)
[flow] step 50500/150000 loss 0.2652 ema 0.2539 (24.5 it/s)
[flow] step 51000/150000 loss 0.2449 ema 0.2533 (24.6 it/s)
[flow] step 51500/150000 loss 0.2455 ema 0.2526 (24.7 it/s)
[flow] step 52000/150000 loss 0.2582 ema 0.2520 (24.7 it/s)
[flow] step 52500/150000 loss 0.2532 ema 0.2500 (24.8 it/s)
[flow] step 53000/150000 loss 0.2678 ema 0.2482 (24.8 it/s)
[flow] step 53500/150000 loss 0.2425 ema 0.2479 (24.9 it/s)
[flow] step 54000/150000 loss 0.2526 ema 0.2483 (24.9 it/s)
[flow] step 54500/150000 loss 0.2649 ema 0.2460 (25.0 it/s)
[flow] step 55000/150000 loss 0.2465 ema 0.2450 (25.0 it/s)
[flow] step 55500/150000 loss 0.2482 ema 0.2466 (25.1 it/s)
[flow] step 56000/150000 loss 0.2406 ema 0.2444 (25.1 it/s)
[flow] step 56500/150000 loss 0.2355 ema 0.2432 (25.1 it/s)
[flow] step 57000/150000 loss 0.2535 ema 0.2448 (25.2 it/s)
[flow] step 57500/150000 loss 0.2327 ema 0.2424 (25.2 it/s)
[flow] step 58000/150000 loss 0.2521 ema 0.2416 (25.3 it/s)
[flow] step 58500/150000 loss 0.2346 ema 0.2403 (25.3 it/s)
[flow] step 59000/150000 loss 0.2336 ema 0.2407 (25.4 it/s)
[flow] step 59500/150000 loss 0.2338 ema 0.2387 (25.4 it/s)
[flow] step 60000/150000 loss 0.2471 ema 0.2377 (25.5 it/s)
[flow] step 60000 EVAL success=45.0% (20 ep)
[flow] step 60500/150000 loss 0.2303 ema 0.2345 (24.6 it/s)
[flow] step 61000/150000 loss 0.2527 ema 0.2368 (24.6 it/s)
[flow] step 61500/150000 loss 0.2402 ema 0.2347 (24.7 it/s)
[flow] step 62000/150000 loss 0.2148 ema 0.2339 (24.7 it/s)
[flow] step 62500/150000 loss 0.2197 ema 0.2328 (24.8 it/s)
[flow] step 63000/150000 loss 0.2355 ema 0.2323 (24.8 it/s)
[flow] step 63500/150000 loss 0.2237 ema 0.2325 (24.9 it/s)
[flow] step 64000/150000 loss 0.2382 ema 0.2317 (24.9 it/s)
[flow] step 64500/150000 loss 0.2207 ema 0.2297 (25.0 it/s)
[flow] step 65000/150000 loss 0.2224 ema 0.2287 (25.0 it/s)
[flow] step 65500/150000 loss 0.2282 ema 0.2291 (25.0 it/s)
[flow] step 66000/150000 loss 0.2391 ema 0.2275 (25.1 it/s)
[flow] step 66500/150000 loss 0.2253 ema 0.2265 (25.1 it/s)
[flow] step 67000/150000 loss 0.2140 ema 0.2249 (25.2 it/s)
[flow] step 67500/150000 loss 0.2226 ema 0.2250 (25.2 it/s)
[flow] step 68000/150000 loss 0.2151 ema 0.2256 (25.2 it/s)
[flow] step 68500/150000 loss 0.2236 ema 0.2229 (25.3 it/s)
[flow] step 69000/150000 loss 0.2137 ema 0.2214 (25.3 it/s)
[flow] step 69500/150000 loss 0.2217 ema 0.2208 (25.3 it/s)
[flow] step 70000/150000 loss 0.2229 ema 0.2205 (25.4 it/s)
[flow] step 70000 EVAL success=75.0% (20 ep)
[flow] step 70500/150000 loss 0.2262 ema 0.2202 (24.7 it/s)
[flow] step 71000/150000 loss 0.2393 ema 0.2195 (24.8 it/s)
[flow] step 71500/150000 loss 0.2184 ema 0.2183 (24.8 it/s)
[flow] step 72000/150000 loss 0.2273 ema 0.2174 (24.8 it/s)
[flow] step 72500/150000 loss 0.2272 ema 0.2175 (24.9 it/s)
[flow] step 73000/150000 loss 0.2347 ema 0.2161 (24.9 it/s)
[flow] step 73500/150000 loss 0.2265 ema 0.2166 (24.9 it/s)
[flow] step 74000/150000 loss 0.2122 ema 0.2142 (25.0 it/s)
[flow] step 74500/150000 loss 0.2070 ema 0.2128 (25.0 it/s)
[flow] step 75000/150000 loss 0.2077 ema 0.2126 (25.1 it/s)
[flow] step 75500/150000 loss 0.2181 ema 0.2117 (25.1 it/s)
[flow] step 76000/150000 loss 0.2233 ema 0.2124 (25.1 it/s)
[flow] step 76500/150000 loss 0.2089 ema 0.2108 (25.2 it/s)
[flow] step 77000/150000 loss 0.2115 ema 0.2105 (25.2 it/s)
[flow] step 77500/150000 loss 0.1882 ema 0.2090 (25.2 it/s)
[flow] step 78000/150000 loss 0.2208 ema 0.2099 (25.3 it/s)
[flow] step 78500/150000 loss 0.1971 ema 0.2087 (25.3 it/s)
[flow] step 79000/150000 loss 0.2077 ema 0.2073 (25.3 it/s)
[flow] step 79500/150000 loss 0.2108 ema 0.2064 (25.4 it/s)
[flow] step 80000/150000 loss 0.2207 ema 0.2064 (25.4 it/s)
[flow] step 80000 EVAL success=60.0% (20 ep)
[flow] step 80500/150000 loss 0.2089 ema 0.2052 (24.8 it/s)
[flow] step 81000/150000 loss 0.1863 ema 0.2039 (24.8 it/s)
[flow] step 81500/150000 loss 0.2083 ema 0.2046 (24.8 it/s)
[flow] step 82000/150000 loss 0.2113 ema 0.2035 (24.9 it/s)
[flow] step 82500/150000 loss 0.2053 ema 0.2040 (24.9 it/s)
[flow] step 83000/150000 loss 0.2010 ema 0.2019 (24.9 it/s)
[flow] step 83500/150000 loss 0.2005 ema 0.2022 (25.0 it/s)
[flow] step 84000/150000 loss 0.2119 ema 0.2012 (25.0 it/s)
[flow] step 84500/150000 loss 0.1940 ema 0.2002 (25.0 it/s)
[flow] step 85000/150000 loss 0.2046 ema 0.1994 (25.1 it/s)
[flow] step 85500/150000 loss 0.2009 ema 0.1980 (25.1 it/s)
[flow] step 86000/150000 loss 0.2047 ema 0.1989 (25.1 it/s)
[flow] step 86500/150000 loss 0.2121 ema 0.1983 (25.2 it/s)
[flow] step 87000/150000 loss 0.1919 ema 0.1954 (25.2 it/s)
[flow] step 87500/150000 loss 0.2004 ema 0.1963 (25.2 it/s)
[flow] step 88000/150000 loss 0.2025 ema 0.1968 (25.3 it/s)
[flow] step 88500/150000 loss 0.2118 ema 0.1961 (25.3 it/s)
[flow] step 89000/150000 loss 0.1854 ema 0.1945 (25.3 it/s)
[flow] step 89500/150000 loss 0.1896 ema 0.1940 (25.3 it/s)
[flow] step 90000/150000 loss 0.1956 ema 0.1941 (25.4 it/s)
[flow] step 90000 EVAL success=75.0% (20 ep)
[flow] step 90500/150000 loss 0.1859 ema 0.1933 (24.9 it/s)
[flow] step 91000/150000 loss 0.1940 ema 0.1941 (24.9 it/s)
[flow] step 91500/150000 loss 0.1788 ema 0.1907 (24.9 it/s)
[flow] step 92000/150000 loss 0.1885 ema 0.1916 (25.0 it/s)
[flow] step 92500/150000 loss 0.2038 ema 0.1910 (25.0 it/s)
[flow] step 93000/150000 loss 0.1895 ema 0.1907 (25.0 it/s)
[flow] step 93500/150000 loss 0.1881 ema 0.1901 (25.1 it/s)
[flow] step 94000/150000 loss 0.1987 ema 0.1896 (25.1 it/s)
[flow] step 94500/150000 loss 0.2072 ema 0.1883 (25.1 it/s)
[flow] step 95000/150000 loss 0.1765 ema 0.1887 (25.1 it/s)
[flow] step 95500/150000 loss 0.1687 ema 0.1878 (25.2 it/s)
[flow] step 96000/150000 loss 0.1920 ema 0.1863 (25.2 it/s)
[flow] step 96500/150000 loss 0.1923 ema 0.1867 (25.2 it/s)
[flow] step 97000/150000 loss 0.1775 ema 0.1871 (25.2 it/s)
[flow] step 97500/150000 loss 0.1814 ema 0.1869 (25.3 it/s)
[flow] step 98000/150000 loss 0.1965 ema 0.1858 (25.3 it/s)
[flow] step 98500/150000 loss 0.1866 ema 0.1857 (25.3 it/s)
[flow] step 99000/150000 loss 0.1822 ema 0.1848 (25.4 it/s)
[flow] step 99500/150000 loss 0.1735 ema 0.1837 (25.4 it/s)
[flow] step 100000/150000 loss 0.1845 ema 0.1828 (25.4 it/s)
[flow] step 100000 EVAL success=50.0% (20 ep)
[flow] step 100500/150000 loss 0.1878 ema 0.1822 (24.9 it/s)
[flow] step 101000/150000 loss 0.1777 ema 0.1836 (24.9 it/s)
[flow] step 101500/150000 loss 0.1912 ema 0.1824 (25.0 it/s)
[flow] step 102000/150000 loss 0.1962 ema 0.1816 (25.0 it/s)
[flow] step 102500/150000 loss 0.1873 ema 0.1808 (25.0 it/s)
[flow] step 103000/150000 loss 0.1849 ema 0.1810 (25.0 it/s)
[flow] step 103500/150000 loss 0.1821 ema 0.1790 (25.1 it/s)
[flow] step 104000/150000 loss 0.1863 ema 0.1793 (25.1 it/s)
[flow] step 104500/150000 loss 0.1765 ema 0.1789 (25.1 it/s)
[flow] step 105000/150000 loss 0.1801 ema 0.1789 (25.1 it/s)
[flow] step 105500/150000 loss 0.1668 ema 0.1773 (25.2 it/s)
[flow] step 106000/150000 loss 0.1804 ema 0.1789 (25.2 it/s)
[flow] step 106500/150000 loss 0.1906 ema 0.1775 (25.2 it/s)
[flow] step 107000/150000 loss 0.1781 ema 0.1772 (25.2 it/s)
[flow] step 107500/150000 loss 0.1739 ema 0.1770 (25.3 it/s)
[flow] step 108000/150000 loss 0.1777 ema 0.1754 (25.3 it/s)
[flow] step 108500/150000 loss 0.1704 ema 0.1760 (25.3 it/s)
[flow] step 109000/150000 loss 0.1761 ema 0.1750 (25.3 it/s)
[flow] step 109500/150000 loss 0.1604 ema 0.1748 (25.4 it/s)
[flow] step 110000/150000 loss 0.1700 ema 0.1755 (25.4 it/s)
[flow] step 110000 EVAL success=35.0% (20 ep)
[flow] step 110500/150000 loss 0.1708 ema 0.1741 (24.9 it/s)
[flow] step 111000/150000 loss 0.1736 ema 0.1725 (24.9 it/s)
[flow] step 111500/150000 loss 0.1830 ema 0.1741 (25.0 it/s)
[flow] step 112000/150000 loss 0.1778 ema 0.1734 (25.0 it/s)
[flow] step 112500/150000 loss 0.1805 ema 0.1718 (25.0 it/s)
[flow] step 113000/150000 loss 0.1658 ema 0.1713 (25.0 it/s)
[flow] step 113500/150000 loss 0.1765 ema 0.1723 (25.0 it/s)
[flow] step 114000/150000 loss 0.1614 ema 0.1716 (25.1 it/s)
[flow] step 114500/150000 loss 0.1704 ema 0.1713 (25.1 it/s)
[flow] step 115000/150000 loss 0.1788 ema 0.1720 (25.1 it/s)
[flow] step 115500/150000 loss 0.1639 ema 0.1695 (25.1 it/s)
[flow] step 116000/150000 loss 0.1801 ema 0.1706 (25.2 it/s)
[flow] step 116500/150000 loss 0.1792 ema 0.1691 (25.2 it/s)
[flow] step 117000/150000 loss 0.1765 ema 0.1691 (25.2 it/s)
[flow] step 117500/150000 loss 0.1589 ema 0.1691 (25.2 it/s)
[flow] step 118000/150000 loss 0.1635 ema 0.1689 (25.3 it/s)
[flow] step 118500/150000 loss 0.1724 ema 0.1671 (25.3 it/s)
[flow] step 119000/150000 loss 0.1626 ema 0.1678 (25.3 it/s)
[flow] step 119500/150000 loss 0.1697 ema 0.1681 (25.3 it/s)
[flow] step 120000/150000 loss 0.1719 ema 0.1673 (25.3 it/s)
[flow] step 120000 EVAL success=50.0% (20 ep)
[flow] step 120500/150000 loss 0.1802 ema 0.1667 (24.9 it/s)
[flow] step 121000/150000 loss 0.1723 ema 0.1661 (25.0 it/s)
[flow] step 121500/150000 loss 0.1686 ema 0.1669 (25.0 it/s)
[flow] step 122000/150000 loss 0.1644 ema 0.1663 (25.0 it/s)
[flow] step 122500/150000 loss 0.1685 ema 0.1662 (25.0 it/s)
[flow] step 123000/150000 loss 0.1615 ema 0.1645 (25.1 it/s)
[flow] step 123500/150000 loss 0.1783 ema 0.1653 (25.1 it/s)
[flow] step 124000/150000 loss 0.1678 ema 0.1651 (25.1 it/s)
[flow] step 124500/150000 loss 0.1638 ema 0.1637 (25.1 it/s)
[flow] step 125000/150000 loss 0.1718 ema 0.1643 (25.1 it/s)
[flow] step 125500/150000 loss 0.1710 ema 0.1637 (25.2 it/s)
[flow] step 126000/150000 loss 0.1688 ema 0.1632 (25.2 it/s)
[flow] step 126500/150000 loss 0.1805 ema 0.1636 (25.2 it/s)
[flow] step 127000/150000 loss 0.1642 ema 0.1640 (25.2 it/s)
[flow] step 127500/150000 loss 0.1595 ema 0.1619 (25.2 it/s)
[flow] step 128000/150000 loss 0.1585 ema 0.1616 (25.3 it/s)
[flow] step 128500/150000 loss 0.1680 ema 0.1621 (25.3 it/s)
[flow] step 129000/150000 loss 0.1593 ema 0.1616 (25.3 it/s)
[flow] step 129500/150000 loss 0.1537 ema 0.1612 (25.3 it/s)
[flow] step 130000/150000 loss 0.1584 ema 0.1615 (25.3 it/s)
[flow] step 130000 EVAL success=65.0% (20 ep)
[flow] step 130500/150000 loss 0.1625 ema 0.1605 (25.0 it/s)
[flow] step 131000/150000 loss 0.1541 ema 0.1596 (25.0 it/s)
[flow] step 131500/150000 loss 0.1609 ema 0.1595 (25.0 it/s)
[flow] step 132000/150000 loss 0.1664 ema 0.1598 (25.0 it/s)
[flow] step 132500/150000 loss 0.1675 ema 0.1603 (25.0 it/s)
[flow] step 133000/150000 loss 0.1427 ema 0.1593 (25.1 it/s)
[flow] step 133500/150000 loss 0.1601 ema 0.1591 (25.1 it/s)
[flow] step 134000/150000 loss 0.1652 ema 0.1579 (25.1 it/s)
[flow] step 134500/150000 loss 0.1571 ema 0.1585 (25.1 it/s)
[flow] step 135000/150000 loss 0.1682 ema 0.1592 (25.1 it/s)
[flow] step 135500/150000 loss 0.1563 ema 0.1576 (25.2 it/s)
[flow] step 136000/150000 loss 0.1510 ema 0.1574 (25.2 it/s)
[flow] step 136500/150000 loss 0.1481 ema 0.1576 (25.2 it/s)
[flow] step 137000/150000 loss 0.1494 ema 0.1566 (25.2 it/s)
[flow] step 137500/150000 loss 0.1474 ema 0.1563 (25.2 it/s)
[flow] step 138000/150000 loss 0.1483 ema 0.1556 (25.3 it/s)
[flow] step 138500/150000 loss 0.1568 ema 0.1568 (25.3 it/s)
[flow] step 139000/150000 loss 0.1652 ema 0.1549 (25.3 it/s)
[flow] step 139500/150000 loss 0.1562 ema 0.1563 (25.3 it/s)
[flow] step 140000/150000 loss 0.1516 ema 0.1545 (25.3 it/s)
[flow] step 140000 EVAL success=75.0% (20 ep)
[flow] step 140500/150000 loss 0.1468 ema 0.1541 (25.0 it/s)
[flow] step 141000/150000 loss 0.1553 ema 0.1554 (25.0 it/s)
[flow] step 141500/150000 loss 0.1581 ema 0.1547 (25.1 it/s)
[flow] step 142000/150000 loss 0.1632 ema 0.1546 (25.1 it/s)
[flow] step 142500/150000 loss 0.1462 ema 0.1530 (25.1 it/s)
[flow] step 143000/150000 loss 0.1561 ema 0.1546 (25.1 it/s)
[flow] step 143500/150000 loss 0.1455 ema 0.1540 (25.1 it/s)
[flow] step 144000/150000 loss 0.1566 ema 0.1531 (25.1 it/s)
[flow] step 144500/150000 loss 0.1418 ema 0.1522 (25.2 it/s)
[flow] step 145000/150000 loss 0.1492 ema 0.1522 (25.2 it/s)
[flow] step 145500/150000 loss 0.1609 ema 0.1523 (25.2 it/s)
[flow] step 146000/150000 loss 0.1568 ema 0.1529 (25.2 it/s)
[flow] step 146500/150000 loss 0.1551 ema 0.1521 (25.2 it/s)
[flow] step 147000/150000 loss 0.1592 ema 0.1515 (25.3 it/s)
[flow] step 147500/150000 loss 0.1524 ema 0.1518 (25.3 it/s)
[flow] step 148000/150000 loss 0.1579 ema 0.1510 (25.3 it/s)
[flow] step 148500/150000 loss 0.1535 ema 0.1517 (25.3 it/s)
[flow] step 149000/150000 loss 0.1592 ema 0.1513 (25.3 it/s)
[flow] step 149500/150000 loss 0.1451 ema 0.1516 (25.3 it/s)
[flow] step 150000/150000 loss 0.1513 ema 0.1510 (25.4 it/s)
[flow] step 150000 EVAL success=70.0% (20 ep)
[flow] saved checkpoints/flowdp_toolhang_v2.pkl
[1;34mwandb[0m: 
[1;34mwandb[0m: 🚀 View run [33mdashing-spaceship-1[0m at: [34mhttps://wandb.ai/pranavnt/wrl-dp-expert/runs/mhlgz5kz[0m
[1;34mwandb[0m: Find logs at: [1;35mwandb/run-20260613_135020-mhlgz5kz/logs[0m
Exception ignored in: <function MjRenderContext.__del__ at 0x7d15e026fce0>
Traceback (most recent call last):
  File "/home/yam/wrl/.venv/lib/python3.11/site-packages/robosuite/utils/binding_utils.py", line 199, in __del__
    self.gl_ctx.free()
  File "/home/yam/wrl/.venv/lib/python3.11/site-packages/robosuite/renderers/context/egl_context.py", line 149, in free
    EGL.eglMakeCurrent(EGL_DISPLAY, EGL.EGL_NO_SURFACE, EGL.EGL_NO_SURFACE, EGL.EGL_NO_CONTEXT)
  File "/home/yam/wrl/.venv/lib/python3.11/site-packages/OpenGL/error.py", line 230, in glCheckError
    raise self._errorClass(
OpenGL.raw.EGL._errors.EGLError: EGLError(
	err = EGL_NOT_INITIALIZED,
	baseOperation = eglMakeCurrent,
	cArguments = (
		<OpenGL._opaque.EGLDisplay_pointer object at 0x7d15500a2f90>,
		<OpenGL._opaque.EGLSurface_pointer object at 0x7d16181c6840>,
		<OpenGL._opaque.EGLSurface_pointer object at 0x7d16181c6840>,
		<OpenGL._opaque.EGLContext_pointer object at 0x7d16181c6720>,
	),
	result = 0
)
Exception ignored in: <function EGLGLContext.__del__ at 0x7d15e026fba0>
Traceback (most recent call last):
  File "/home/yam/wrl/.venv/lib/python3.11/site-packages/robosuite/renderers/context/egl_context.py", line 155, in __del__
    self.free()
  File "/home/yam/wrl/.venv/lib/python3.11/site-packages/robosuite/renderers/context/egl_context.py", line 149, in free
    EGL.eglMakeCurrent(EGL_DISPLAY, EGL.EGL_NO_SURFACE, EGL.EGL_NO_SURFACE, EGL.EGL_NO_CONTEXT)
  File "/home/yam/wrl/.venv/lib/python3.11/site-packages/OpenGL/error.py", line 230, in glCheckError
    raise self._errorClass(
OpenGL.raw.EGL._errors.EGLError: EGLError(
	err = EGL_NOT_INITIALIZED,
	baseOperation = eglMakeCurrent,
	cArguments = (
		<OpenGL._opaque.EGLDisplay_pointer object at 0x7d15500a2f90>,
		<OpenGL._opaque.EGLSurface_pointer object at 0x7d16181c6840>,
		<OpenGL._opaque.EGLSurface_pointer object at 0x7d16181c6840>,
		<OpenGL._opaque.EGLContext_pointer object at 0x7d16181c6720>,
	),
	result = 0
)
